#
# A fatal error has been detected by the Java Runtime Environment:
#
#  SIGSEGV (0xb) at pc=0x00000001033ac4d4, pid=89899, tid=10243
#
# JRE version: Java(TM) SE Runtime Environment (15.0.1+9) (build 15.0.1+9-18)
# Java VM: Java HotSpot(TM) 64-Bit Server VM (15.0.1+9-18, mixed mode, sharing, tiered, compressed oops, g1 gc, bsd-amd64)
# Problematic frame:
# V  [libjvm.dylib+0x34d4]  AccessInternal::PostRuntimeDispatch<G1BarrierSet::AccessBarrier<548980ull, G1BarrierSet>, (AccessInternal::BarrierType)2, 548980ull>::oop_access_barrier(void*)+0x4
#
# No core dump will be written. Core dumps have been disabled. To enable core dumping, try "ulimit -c unlimited" before starting Java again
#
# If you would like to submit a bug report, please visit:
#   https://bugreport.java.com/bugreport/crash.jsp
#

---------------  S U M M A R Y ------------

Command Line: -Dfile.encoding=UTF-8 -XX:+ShowCodeDetailsInExceptionMessages org.apache.kafka.common.protocol.types.Type$13

Host: MacBookPro16,1 x86_64 2300 MHz, 16 cores, 16G, Darwin 19.6.0
Time: Fri Dec 11 16:33:53 2020 EST elapsed time: 0.058002 seconds (0d 0h 0m 0s)

---------------  T H R E A D  ---------------

Current thread (0x00007f99de809000):  JavaThread "main" [_thread_in_vm, id=10243, stack(0x00007000066fc000,0x00007000067fc000)]

Stack: [0x00007000066fc000,0x00007000067fc000],  sp=0x00007000067fbdf0,  free space=1023k
Native frames: (J=compiled Java code, A=aot compiled Java code, j=interpreted, Vv=VM code, C=native code)
V  [libjvm.dylib+0x34d4]  AccessInternal::PostRuntimeDispatch<G1BarrierSet::AccessBarrier<548980ull, G1BarrierSet>, (AccessInternal::BarrierType)2, 548980ull>::oop_access_barrier(void*)+0x4
V  [libjvm.dylib+0x5167b5]  jni_GetStringUTFChars+0xc5
C  [libjli.dylib+0x79ed]  PostJVMInit+0xad
C  [libjli.dylib+0x4ed8]  JavaMain+0xbb8
C  [libjli.dylib+0x7659]  ThreadJavaMain+0x9
C  [libsystem_pthread.dylib+0x6109]  _pthread_start+0x94
C  [libsystem_pthread.dylib+0x1b8b]  thread_start+0xf


siginfo: si_signo: 11 (SIGSEGV), si_code: 1 (SEGV_MAPERR), si_addr: 0x0000000000000000

Register to memory mapping:

RAX=0x00000001007cf000 points into unknown readable memory: 0x0000000000000000 | 00 00 00 00 00 00 00 00
RBX=0x0 is NULL
RCX=0x0000000103f60e70: jni_NativeInterface+0 in /Library/Java/JavaVirtualMachines/jdk-15.0.1.jdk/Contents/Home/lib/server/libjvm.dylib at 0x00000001033a9000
RDX=0x0 is NULL
RSP=0x00007000067fbdf0 is pointing into the stack for thread: 0x00007f99de809000
RBP=0x00007000067fbdf0 is pointing into the stack for thread: 0x00007f99de809000
RSI=0x0 is NULL
RDI=0x0 is NULL
R8 ={method} {0x000000080000e2b8} 'getCanonicalName' '()Ljava/lang/String;' in 'java/lang/Class'
R9 =0x00007f99dde11f30 points into unknown readable memory: 0x000000080000e2b8 | b8 e2 00 00 08 00 00 00
R10=0x0000000103fdf0c0: _ZN19TemplateInterpreter13_active_tableE+0x4800 in /Library/Java/JavaVirtualMachines/jdk-15.0.1.jdk/Contents/Home/lib/server/libjvm.dylib at 0x00000001033a9000
R11=0x0 is NULL
R12=0x00007f99de809000 is a thread
R13=0x0 is NULL
R14=0x0 is NULL
R15=0x0 is NULL


Registers:
RAX=0x00000001007cf000, RBX=0x0000000000000000, RCX=0x0000000103f60e70, RDX=0x0000000000000000
RSP=0x00007000067fbdf0, RBP=0x00007000067fbdf0, RSI=0x0000000000000000, RDI=0x0000000000000000
R8 =0x000000080000e2b8, R9 =0x00007f99dde11f30, R10=0x0000000103fdf0c0, R11=0x0000000000000000
R12=0x00007f99de809000, R13=0x0000000000000000, R14=0x0000000000000000, R15=0x0000000000000000
RIP=0x00000001033ac4d4, EFLAGS=0x0000000000010246, ERR=0x0000000000000004
  TRAPNO=0x000000000000000e

Top of Stack: (sp=0x00007000067fbdf0)
0x00007000067fbdf0:   00007000067fbe80 00000001038bf7b5
0x00007000067fbe00:   00007f99de809000 0000000000000000
0x00007000067fbe10:   0000000100798b92 0000000100798b81
0x00007000067fbe20:   a2edd3ed2d0300b2 00007f99de809328
0x00007000067fbe30:   00007f99de809000 0000000000000000
0x00007000067fbe40:   0000000000000000 00007f99de809000
0x00007000067fbe50:   00007000067fbe80 00007f99de809328
0x00007000067fbe60:   00007f99dde13038 0000000000000000
0x00007000067fbe70:   0000000000000000 00007f99dde13030
0x00007000067fbe80:   00007000067fbf10 00000001007949ed
0x00007000067fbe90:   00007f99de809328 00007f99de809000
0x00007000067fbea0:   00007000067fbed0 00000001038ac5df
0x00007000067fbeb0:   a2edd3ed2d0300b2 00007f99dde13018
0x00007000067fbec0:   00007f99dde13038 0000000000000000
0x00007000067fbed0:   00007f99de809328 00007f99de809000
0x00007000067fbee0:   00007000067fbf10 a2edd3ed2d0300b2
0x00007000067fbef0:   00007f99dde13018 00007f99dde13038
0x00007000067fbf00:   00007f99dde13048 00007f99dde13030
0x00007000067fbf10:   00007000067fbfa0 0000000100791ed8
0x00007000067fbf20:   0000000000000000 0005b6370c86dbd3
0x00007000067fbf30:   0000000500010002 00007f99dde069e0
0x00007000067fbf40:   0000000000000000 0000000000000000
0x00007000067fbf50:   00007f99dde04210 0000000000000001
0x00007000067fbf60:   00007f99dde04190 00007f99de809328
0x00007000067fbf70:   0000000103f60e68 00007000067fc000
0x00007000067fbf80:   0000000000000000 0000000000000000
0x00007000067fbf90:   0000000000000000 0000000000000000
0x00007000067fbfa0:   00007000067fbfb0 0000000100794659
0x00007000067fbfb0:   00007000067fbfd0 00007fff6f832109
0x00007000067fbfc0:   0000000000000000 0000000000000000
0x00007000067fbfd0:   00007000067fbff0 00007fff6f82db8b
0x00007000067fbfe0:   0000000000000000 0000000000000000 

Instructions: (pc=0x00000001033ac4d4)
0x00000001033ac3d4:   ff 0b 73 0e 48 63 c7 48 8d 0d ae 7e ae 00 8b 04
0x00000001033ac3e4:   81 c3 55 48 89 e5 48 8d 3d 13 94 a6 00 be 9c 00
0x00000001033ac3f4:   00 00 e8 75 bc 2f 00 e8 b0 42 82 00 31 c0 5d c3
0x00000001033ac404:   66 66 66 2e 0f 1f 84 00 00 00 00 00 55 48 89 e5
0x00000001033ac414:   48 8b 47 08 0f b7 48 32 0f b7 40 30 8d 44 01 19
0x00000001033ac424:   5d c3 66 2e 0f 1f 84 00 00 00 00 00 55 48 89 e5
0x00000001033ac434:   53 50 48 89 fb 48 8d 0d f8 4a c1 00 48 8d 05 d9
0x00000001033ac444:   91 be 00 48 8b 00 8b 40 10 ff c8 80 39 00 74 10
0x00000001033ac454:   83 f8 04 73 1f 48 98 48 8d 0d 7e d4 b0 00 eb 0e
0x00000001033ac464:   83 f8 04 73 0f 48 98 48 8d 0d 8e d4 b0 00 48 8b
0x00000001033ac474:   04 c1 eb 21 48 8d 3d bc 93 a6 00 48 8d 15 e5 93
0x00000001033ac484:   a6 00 be e8 00 00 00 31 c0 e8 de b9 2f 00 e8 19
0x00000001033ac494:   42 82 00 31 c0 48 89 05 90 11 bb 00 48 89 df 48
0x00000001033ac4a4:   83 c4 08 5b 5d ff e0 0f 1f 44 00 00 55 48 89 e5
0x00000001033ac4b4:   48 8b 07 5d c3 0f 1f 80 00 00 00 00 55 48 89 e5
0x00000001033ac4c4:   48 8b 07 5d c3 0f 1f 80 00 00 00 00 55 48 89 e5
0x00000001033ac4d4:   48 8b 07 5d c3 0f 1f 80 00 00 00 00 55 48 89 e5
0x00000001033ac4e4:   41 57 41 56 53 50 49 89 fe 49 8b 1e 4c 8d 3d 41
0x00000001033ac4f4:   67 c4 00 49 85 1f 74 3c 48 89 df e8 8c 31 a3 00
0x00000001033ac504:   48 89 c1 48 85 c9 74 29 48 89 d8 f0 49 0f b1 0e
0x00000001033ac514:   48 89 c2 48 39 da 74 19 0f 1f 40 00 49 85 17 74
0x00000001033ac524:   10 48 89 d0 f0 49 0f b1 0e 48 39 d0 48 89 c2 75
0x00000001033ac534:   eb 48 89 cb 48 89 d8 48 83 c4 08 5b 41 5e 41 5f
0x00000001033ac544:   5d c3 66 2e 0f 1f 84 00 00 00 00 00 55 48 89 e5
0x00000001033ac554:   48 8b 07 5d c3 0f 1f 80 00 00 00 00 55 48 89 e5
0x00000001033ac564:   48 8b 07 5d c3 0f 1f 80 00 00 00 00 55 48 89 e5
0x00000001033ac574:   48 8b 07 5d c3 0f 1f 80 00 00 00 00 55 48 89 e5
0x00000001033ac584:   41 57 41 56 53 50 49 89 fe 49 8b 1e 4c 8d 3d a1
0x00000001033ac594:   66 c4 00 49 85 1f 74 3c 48 89 df e8 ec 30 a3 00
0x00000001033ac5a4:   48 89 c1 48 85 c9 74 29 48 89 d8 f0 49 0f b1 0e
0x00000001033ac5b4:   48 89 c2 48 39 da 74 19 0f 1f 40 00 49 85 17 74
0x00000001033ac5c4:   10 48 89 d0 f0 49 0f b1 0e 48 39 d0 48 89 c2 75 


Stack slot to memory mapping:
stack at sp + 0 slots: 0x00007000067fbe80 is pointing into the stack for thread: 0x00007f99de809000
stack at sp + 1 slots: 0x00000001038bf7b5: jni_GetStringUTFChars+0xc5 in /Library/Java/JavaVirtualMachines/jdk-15.0.1.jdk/Contents/Home/lib/server/libjvm.dylib at 0x00000001033a9000
stack at sp + 2 slots: 0x00007f99de809000 is a thread
stack at sp + 3 slots: 0x0 is NULL
stack at sp + 4 slots: 0x0000000100798b92: JLI_WildcardExpandClasspath+0x2282 in /Library/Java/JavaVirtualMachines/jdk-15.0.1.jdk/Contents/Home/lib/libjli.dylib at 0x000000010078d000
stack at sp + 5 slots: 0x0000000100798b81: JLI_WildcardExpandClasspath+0x2271 in /Library/Java/JavaVirtualMachines/jdk-15.0.1.jdk/Contents/Home/lib/libjli.dylib at 0x000000010078d000
stack at sp + 6 slots: 0xa2edd3ed2d0300b2 is an unknown value
stack at sp + 7 slots: 0x00007f99de809328 points into unknown readable memory: 0x0000000103f60e70 | 70 0e f6 03 01 00 00 00


---------------  P R O C E S S  ---------------

Threads class SMR info:
_java_thread_list=0x00007f99e2606a60, length=11, elements={
0x00007f99de809000, 0x00007f99e2808200, 0x00007f99de01a200, 0x00007f99de817a00,
0x00007f99de818000, 0x00007f99de815e00, 0x00007f99de816400, 0x00007f99de816a00,
0x00007f99e0825e00, 0x00007f99e280aa00, 0x00007f99e300a400
}

Java Threads: ( => current thread )
=>0x00007f99de809000 JavaThread "main" [_thread_in_vm, id=10243, stack(0x00007000066fc000,0x00007000067fc000)]
  0x00007f99e2808200 JavaThread "Reference Handler" daemon [_thread_blocked, id=14851, stack(0x0000700006e11000,0x0000700006f11000)]
  0x00007f99de01a200 JavaThread "Finalizer" daemon [_thread_blocked, id=15107, stack(0x0000700006f14000,0x0000700007014000)]
  0x00007f99de817a00 JavaThread "Signal Dispatcher" daemon [_thread_blocked, id=22531, stack(0x000070000711d000,0x000070000721d000)]
  0x00007f99de818000 JavaThread "Service Thread" daemon [_thread_blocked, id=23043, stack(0x0000700007220000,0x0000700007320000)]
  0x00007f99de815e00 JavaThread "C2 CompilerThread0" daemon [_thread_blocked, id=23299, stack(0x0000700007323000,0x0000700007423000)]
  0x00007f99de816400 JavaThread "C1 CompilerThread0" daemon [_thread_blocked, id=24323, stack(0x0000700007426000,0x0000700007526000)]
  0x00007f99de816a00 JavaThread "Sweeper thread" daemon [_thread_blocked, id=40707, stack(0x0000700007529000,0x0000700007629000)]
  0x00007f99e0825e00 JavaThread "C1 CompilerThread1" daemon [_thread_blocked, id=39939, stack(0x000070000762c000,0x000070000772c000)]
  0x00007f99e280aa00 JavaThread "Notification Thread" daemon [_thread_blocked, id=39171, stack(0x000070000772f000,0x000070000782f000)]
  0x00007f99e300a400 JavaThread "Common-Cleaner" daemon [_thread_blocked, id=26627, stack(0x0000700007935000,0x0000700007a35000)]

Other Threads:
  0x00007f99ddc13500 VMThread "VM Thread" [stack: 0x0000700006d0e000,0x0000700006e0e000] [id=18179]
  0x00007f99e2605ac0 WatcherThread [stack: 0x0000700007832000,0x0000700007932000] [id=25859]
  0x00007f99df90fb30 GCTaskThread "GC Thread#0" [stack: 0x00007000067ff000,0x00007000068ff000] [id=19971]
  0x00007f99ddf05760 ConcurrentGCThread "G1 Main Marker" [stack: 0x0000700006902000,0x0000700006a02000] [id=19459]
  0x00007f99ddf06680 ConcurrentGCThread "G1 Conc#0" [stack: 0x0000700006a05000,0x0000700006b05000] [id=13315]
  0x00007f99ddf24900 ConcurrentGCThread "G1 Refine#0" [stack: 0x0000700006b08000,0x0000700006c08000] [id=18691]
  0x00007f99ddf25980 ConcurrentGCThread "G1 Young RemSet Sampling" [stack: 0x0000700006c0b000,0x0000700006d0b000] [id=14083]

Threads with active compile tasks:

VM state: not at safepoint (normal execution)

VM Mutex/Monitor currently owned by a thread: None

Heap address: 0x0000000700000000, size: 4096 MB, Compressed Oops mode: Zero based, Oop shift amount: 3
CDS archive(s) mapped at: [0x0000000800000000-0x0000000800b2c000-0x0000000800b2c000), size 11714560, SharedBaseAddress: 0x0000000800000000, ArchiveRelocationMode: 0.
Compressed class space mapped at: 0x0000000800b2c000-0x0000000840b2c000, size: 1073741824
Narrow klass base: 0x0000000800000000, Narrow klass shift: 3, Narrow klass range: 0x100000000

GC Precious Log:
 CPUs: 16 total, 16 available
 Memory: 16384M
 Large Page Support: Disabled
 NUMA Support: Disabled
 Compressed Oops: Enabled (Zero based)
 Heap Region Size: 2M
 Heap Min Capacity: 8M
 Heap Initial Capacity: 256M
 Heap Max Capacity: 4G
 Pre-touch: Disabled
 Parallel Workers: 13
 Concurrent Workers: 3
 Concurrent Refinement Workers: 13
 Periodic GC: Disabled

Heap:
 garbage-first heap   total 266240K, used 1832K [0x0000000700000000, 0x0000000800000000)
  region size 2048K, 1 young (2048K), 0 survivors (0K)
 Metaspace       used 312K, capacity 4600K, committed 4864K, reserved 1056768K
  class space    used 23K, capacity 424K, committed 512K, reserved 1048576K

Heap Regions: E=young(eden), S=young(survivor), O=old, HS=humongous(starts), HC=humongous(continues), CS=collection set, F=free, OA=open archive, CA=closed archive, TAMS=top-at-mark-start (previous, next)
|   0|0x0000000700000000, 0x0000000700000000, 0x0000000700200000|  0%| F|  |TAMS 0x0000000700000000, 0x0000000700000000| Untracked 
|   1|0x0000000700200000, 0x0000000700200000, 0x0000000700400000|  0%| F|  |TAMS 0x0000000700200000, 0x0000000700200000| Untracked 
|   2|0x0000000700400000, 0x0000000700400000, 0x0000000700600000|  0%| F|  |TAMS 0x0000000700400000, 0x0000000700400000| Untracked 
|   3|0x0000000700600000, 0x0000000700600000, 0x0000000700800000|  0%| F|  |TAMS 0x0000000700600000, 0x0000000700600000| Untracked 
|   4|0x0000000700800000, 0x0000000700800000, 0x0000000700a00000|  0%| F|  |TAMS 0x0000000700800000, 0x0000000700800000| Untracked 
|   5|0x0000000700a00000, 0x0000000700a00000, 0x0000000700c00000|  0%| F|  |TAMS 0x0000000700a00000, 0x0000000700a00000| Untracked 
|   6|0x0000000700c00000, 0x0000000700c00000, 0x0000000700e00000|  0%| F|  |TAMS 0x0000000700c00000, 0x0000000700c00000| Untracked 
|   7|0x0000000700e00000, 0x0000000700e00000, 0x0000000701000000|  0%| F|  |TAMS 0x0000000700e00000, 0x0000000700e00000| Untracked 
|   8|0x0000000701000000, 0x0000000701000000, 0x0000000701200000|  0%| F|  |TAMS 0x0000000701000000, 0x0000000701000000| Untracked 
|   9|0x0000000701200000, 0x0000000701200000, 0x0000000701400000|  0%| F|  |TAMS 0x0000000701200000, 0x0000000701200000| Untracked 
|  10|0x0000000701400000, 0x0000000701400000, 0x0000000701600000|  0%| F|  |TAMS 0x0000000701400000, 0x0000000701400000| Untracked 
|  11|0x0000000701600000, 0x0000000701600000, 0x0000000701800000|  0%| F|  |TAMS 0x0000000701600000, 0x0000000701600000| Untracked 
|  12|0x0000000701800000, 0x0000000701800000, 0x0000000701a00000|  0%| F|  |TAMS 0x0000000701800000, 0x0000000701800000| Untracked 
|  13|0x0000000701a00000, 0x0000000701a00000, 0x0000000701c00000|  0%| F|  |TAMS 0x0000000701a00000, 0x0000000701a00000| Untracked 
|  14|0x0000000701c00000, 0x0000000701c00000, 0x0000000701e00000|  0%| F|  |TAMS 0x0000000701c00000, 0x0000000701c00000| Untracked 
|  15|0x0000000701e00000, 0x0000000701e00000, 0x0000000702000000|  0%| F|  |TAMS 0x0000000701e00000, 0x0000000701e00000| Untracked 
|  16|0x0000000702000000, 0x0000000702000000, 0x0000000702200000|  0%| F|  |TAMS 0x0000000702000000, 0x0000000702000000| Untracked 
|  17|0x0000000702200000, 0x0000000702200000, 0x0000000702400000|  0%| F|  |TAMS 0x0000000702200000, 0x0000000702200000| Untracked 
|  18|0x0000000702400000, 0x0000000702400000, 0x0000000702600000|  0%| F|  |TAMS 0x0000000702400000, 0x0000000702400000| Untracked 
|  19|0x0000000702600000, 0x0000000702600000, 0x0000000702800000|  0%| F|  |TAMS 0x0000000702600000, 0x0000000702600000| Untracked 
|  20|0x0000000702800000, 0x0000000702800000, 0x0000000702a00000|  0%| F|  |TAMS 0x0000000702800000, 0x0000000702800000| Untracked 
|  21|0x0000000702a00000, 0x0000000702a00000, 0x0000000702c00000|  0%| F|  |TAMS 0x0000000702a00000, 0x0000000702a00000| Untracked 
|  22|0x0000000702c00000, 0x0000000702c00000, 0x0000000702e00000|  0%| F|  |TAMS 0x0000000702c00000, 0x0000000702c00000| Untracked 
|  23|0x0000000702e00000, 0x0000000702e00000, 0x0000000703000000|  0%| F|  |TAMS 0x0000000702e00000, 0x0000000702e00000| Untracked 
|  24|0x0000000703000000, 0x0000000703000000, 0x0000000703200000|  0%| F|  |TAMS 0x0000000703000000, 0x0000000703000000| Untracked 
|  25|0x0000000703200000, 0x0000000703200000, 0x0000000703400000|  0%| F|  |TAMS 0x0000000703200000, 0x0000000703200000| Untracked 
|  26|0x0000000703400000, 0x0000000703400000, 0x0000000703600000|  0%| F|  |TAMS 0x0000000703400000, 0x0000000703400000| Untracked 
|  27|0x0000000703600000, 0x0000000703600000, 0x0000000703800000|  0%| F|  |TAMS 0x0000000703600000, 0x0000000703600000| Untracked 
|  28|0x0000000703800000, 0x0000000703800000, 0x0000000703a00000|  0%| F|  |TAMS 0x0000000703800000, 0x0000000703800000| Untracked 
|  29|0x0000000703a00000, 0x0000000703a00000, 0x0000000703c00000|  0%| F|  |TAMS 0x0000000703a00000, 0x0000000703a00000| Untracked 
|  30|0x0000000703c00000, 0x0000000703c00000, 0x0000000703e00000|  0%| F|  |TAMS 0x0000000703c00000, 0x0000000703c00000| Untracked 
|  31|0x0000000703e00000, 0x0000000703e00000, 0x0000000704000000|  0%| F|  |TAMS 0x0000000703e00000, 0x0000000703e00000| Untracked 
|  32|0x0000000704000000, 0x0000000704000000, 0x0000000704200000|  0%| F|  |TAMS 0x0000000704000000, 0x0000000704000000| Untracked 
|  33|0x0000000704200000, 0x0000000704200000, 0x0000000704400000|  0%| F|  |TAMS 0x0000000704200000, 0x0000000704200000| Untracked 
|  34|0x0000000704400000, 0x0000000704400000, 0x0000000704600000|  0%| F|  |TAMS 0x0000000704400000, 0x0000000704400000| Untracked 
|  35|0x0000000704600000, 0x0000000704600000, 0x0000000704800000|  0%| F|  |TAMS 0x0000000704600000, 0x0000000704600000| Untracked 
|  36|0x0000000704800000, 0x0000000704800000, 0x0000000704a00000|  0%| F|  |TAMS 0x0000000704800000, 0x0000000704800000| Untracked 
|  37|0x0000000704a00000, 0x0000000704a00000, 0x0000000704c00000|  0%| F|  |TAMS 0x0000000704a00000, 0x0000000704a00000| Untracked 
|  38|0x0000000704c00000, 0x0000000704c00000, 0x0000000704e00000|  0%| F|  |TAMS 0x0000000704c00000, 0x0000000704c00000| Untracked 
|  39|0x0000000704e00000, 0x0000000704e00000, 0x0000000705000000|  0%| F|  |TAMS 0x0000000704e00000, 0x0000000704e00000| Untracked 
|  40|0x0000000705000000, 0x0000000705000000, 0x0000000705200000|  0%| F|  |TAMS 0x0000000705000000, 0x0000000705000000| Untracked 
|  41|0x0000000705200000, 0x0000000705200000, 0x0000000705400000|  0%| F|  |TAMS 0x0000000705200000, 0x0000000705200000| Untracked 
|  42|0x0000000705400000, 0x0000000705400000, 0x0000000705600000|  0%| F|  |TAMS 0x0000000705400000, 0x0000000705400000| Untracked 
|  43|0x0000000705600000, 0x0000000705600000, 0x0000000705800000|  0%| F|  |TAMS 0x0000000705600000, 0x0000000705600000| Untracked 
|  44|0x0000000705800000, 0x0000000705800000, 0x0000000705a00000|  0%| F|  |TAMS 0x0000000705800000, 0x0000000705800000| Untracked 
|  45|0x0000000705a00000, 0x0000000705a00000, 0x0000000705c00000|  0%| F|  |TAMS 0x0000000705a00000, 0x0000000705a00000| Untracked 
|  46|0x0000000705c00000, 0x0000000705c00000, 0x0000000705e00000|  0%| F|  |TAMS 0x0000000705c00000, 0x0000000705c00000| Untracked 
|  47|0x0000000705e00000, 0x0000000705e00000, 0x0000000706000000|  0%| F|  |TAMS 0x0000000705e00000, 0x0000000705e00000| Untracked 
|  48|0x0000000706000000, 0x0000000706000000, 0x0000000706200000|  0%| F|  |TAMS 0x0000000706000000, 0x0000000706000000| Untracked 
|  49|0x0000000706200000, 0x0000000706200000, 0x0000000706400000|  0%| F|  |TAMS 0x0000000706200000, 0x0000000706200000| Untracked 
|  50|0x0000000706400000, 0x0000000706400000, 0x0000000706600000|  0%| F|  |TAMS 0x0000000706400000, 0x0000000706400000| Untracked 
|  51|0x0000000706600000, 0x0000000706600000, 0x0000000706800000|  0%| F|  |TAMS 0x0000000706600000, 0x0000000706600000| Untracked 
|  52|0x0000000706800000, 0x0000000706800000, 0x0000000706a00000|  0%| F|  |TAMS 0x0000000706800000, 0x0000000706800000| Untracked 
|  53|0x0000000706a00000, 0x0000000706a00000, 0x0000000706c00000|  0%| F|  |TAMS 0x0000000706a00000, 0x0000000706a00000| Untracked 
|  54|0x0000000706c00000, 0x0000000706c00000, 0x0000000706e00000|  0%| F|  |TAMS 0x0000000706c00000, 0x0000000706c00000| Untracked 
|  55|0x0000000706e00000, 0x0000000706e00000, 0x0000000707000000|  0%| F|  |TAMS 0x0000000706e00000, 0x0000000706e00000| Untracked 
|  56|0x0000000707000000, 0x0000000707000000, 0x0000000707200000|  0%| F|  |TAMS 0x0000000707000000, 0x0000000707000000| Untracked 
|  57|0x0000000707200000, 0x0000000707200000, 0x0000000707400000|  0%| F|  |TAMS 0x0000000707200000, 0x0000000707200000| Untracked 
|  58|0x0000000707400000, 0x0000000707400000, 0x0000000707600000|  0%| F|  |TAMS 0x0000000707400000, 0x0000000707400000| Untracked 
|  59|0x0000000707600000, 0x0000000707600000, 0x0000000707800000|  0%| F|  |TAMS 0x0000000707600000, 0x0000000707600000| Untracked 
|  60|0x0000000707800000, 0x0000000707800000, 0x0000000707a00000|  0%| F|  |TAMS 0x0000000707800000, 0x0000000707800000| Untracked 
|  61|0x0000000707a00000, 0x0000000707a00000, 0x0000000707c00000|  0%| F|  |TAMS 0x0000000707a00000, 0x0000000707a00000| Untracked 
|  62|0x0000000707c00000, 0x0000000707c00000, 0x0000000707e00000|  0%| F|  |TAMS 0x0000000707c00000, 0x0000000707c00000| Untracked 
|  63|0x0000000707e00000, 0x0000000707e00000, 0x0000000708000000|  0%| F|  |TAMS 0x0000000707e00000, 0x0000000707e00000| Untracked 
|  64|0x0000000708000000, 0x0000000708000000, 0x0000000708200000|  0%| F|  |TAMS 0x0000000708000000, 0x0000000708000000| Untracked 
|  65|0x0000000708200000, 0x0000000708200000, 0x0000000708400000|  0%| F|  |TAMS 0x0000000708200000, 0x0000000708200000| Untracked 
|  66|0x0000000708400000, 0x0000000708400000, 0x0000000708600000|  0%| F|  |TAMS 0x0000000708400000, 0x0000000708400000| Untracked 
|  67|0x0000000708600000, 0x0000000708600000, 0x0000000708800000|  0%| F|  |TAMS 0x0000000708600000, 0x0000000708600000| Untracked 
|  68|0x0000000708800000, 0x0000000708800000, 0x0000000708a00000|  0%| F|  |TAMS 0x0000000708800000, 0x0000000708800000| Untracked 
|  69|0x0000000708a00000, 0x0000000708a00000, 0x0000000708c00000|  0%| F|  |TAMS 0x0000000708a00000, 0x0000000708a00000| Untracked 
|  70|0x0000000708c00000, 0x0000000708c00000, 0x0000000708e00000|  0%| F|  |TAMS 0x0000000708c00000, 0x0000000708c00000| Untracked 
|  71|0x0000000708e00000, 0x0000000708e00000, 0x0000000709000000|  0%| F|  |TAMS 0x0000000708e00000, 0x0000000708e00000| Untracked 
|  72|0x0000000709000000, 0x0000000709000000, 0x0000000709200000|  0%| F|  |TAMS 0x0000000709000000, 0x0000000709000000| Untracked 
|  73|0x0000000709200000, 0x0000000709200000, 0x0000000709400000|  0%| F|  |TAMS 0x0000000709200000, 0x0000000709200000| Untracked 
|  74|0x0000000709400000, 0x0000000709400000, 0x0000000709600000|  0%| F|  |TAMS 0x0000000709400000, 0x0000000709400000| Untracked 
|  75|0x0000000709600000, 0x0000000709600000, 0x0000000709800000|  0%| F|  |TAMS 0x0000000709600000, 0x0000000709600000| Untracked 
|  76|0x0000000709800000, 0x0000000709800000, 0x0000000709a00000|  0%| F|  |TAMS 0x0000000709800000, 0x0000000709800000| Untracked 
|  77|0x0000000709a00000, 0x0000000709a00000, 0x0000000709c00000|  0%| F|  |TAMS 0x0000000709a00000, 0x0000000709a00000| Untracked 
|  78|0x0000000709c00000, 0x0000000709c00000, 0x0000000709e00000|  0%| F|  |TAMS 0x0000000709c00000, 0x0000000709c00000| Untracked 
|  79|0x0000000709e00000, 0x0000000709e00000, 0x000000070a000000|  0%| F|  |TAMS 0x0000000709e00000, 0x0000000709e00000| Untracked 
|  80|0x000000070a000000, 0x000000070a000000, 0x000000070a200000|  0%| F|  |TAMS 0x000000070a000000, 0x000000070a000000| Untracked 
|  81|0x000000070a200000, 0x000000070a200000, 0x000000070a400000|  0%| F|  |TAMS 0x000000070a200000, 0x000000070a200000| Untracked 
|  82|0x000000070a400000, 0x000000070a400000, 0x000000070a600000|  0%| F|  |TAMS 0x000000070a400000, 0x000000070a400000| Untracked 
|  83|0x000000070a600000, 0x000000070a600000, 0x000000070a800000|  0%| F|  |TAMS 0x000000070a600000, 0x000000070a600000| Untracked 
|  84|0x000000070a800000, 0x000000070a800000, 0x000000070aa00000|  0%| F|  |TAMS 0x000000070a800000, 0x000000070a800000| Untracked 
|  85|0x000000070aa00000, 0x000000070aa00000, 0x000000070ac00000|  0%| F|  |TAMS 0x000000070aa00000, 0x000000070aa00000| Untracked 
|  86|0x000000070ac00000, 0x000000070ac00000, 0x000000070ae00000|  0%| F|  |TAMS 0x000000070ac00000, 0x000000070ac00000| Untracked 
|  87|0x000000070ae00000, 0x000000070ae00000, 0x000000070b000000|  0%| F|  |TAMS 0x000000070ae00000, 0x000000070ae00000| Untracked 
|  88|0x000000070b000000, 0x000000070b000000, 0x000000070b200000|  0%| F|  |TAMS 0x000000070b000000, 0x000000070b000000| Untracked 
|  89|0x000000070b200000, 0x000000070b200000, 0x000000070b400000|  0%| F|  |TAMS 0x000000070b200000, 0x000000070b200000| Untracked 
|  90|0x000000070b400000, 0x000000070b400000, 0x000000070b600000|  0%| F|  |TAMS 0x000000070b400000, 0x000000070b400000| Untracked 
|  91|0x000000070b600000, 0x000000070b600000, 0x000000070b800000|  0%| F|  |TAMS 0x000000070b600000, 0x000000070b600000| Untracked 
|  92|0x000000070b800000, 0x000000070b800000, 0x000000070ba00000|  0%| F|  |TAMS 0x000000070b800000, 0x000000070b800000| Untracked 
|  93|0x000000070ba00000, 0x000000070ba00000, 0x000000070bc00000|  0%| F|  |TAMS 0x000000070ba00000, 0x000000070ba00000| Untracked 
|  94|0x000000070bc00000, 0x000000070bc00000, 0x000000070be00000|  0%| F|  |TAMS 0x000000070bc00000, 0x000000070bc00000| Untracked 
|  95|0x000000070be00000, 0x000000070be00000, 0x000000070c000000|  0%| F|  |TAMS 0x000000070be00000, 0x000000070be00000| Untracked 
|  96|0x000000070c000000, 0x000000070c000000, 0x000000070c200000|  0%| F|  |TAMS 0x000000070c000000, 0x000000070c000000| Untracked 
|  97|0x000000070c200000, 0x000000070c200000, 0x000000070c400000|  0%| F|  |TAMS 0x000000070c200000, 0x000000070c200000| Untracked 
|  98|0x000000070c400000, 0x000000070c400000, 0x000000070c600000|  0%| F|  |TAMS 0x000000070c400000, 0x000000070c400000| Untracked 
|  99|0x000000070c600000, 0x000000070c600000, 0x000000070c800000|  0%| F|  |TAMS 0x000000070c600000, 0x000000070c600000| Untracked 
| 100|0x000000070c800000, 0x000000070c800000, 0x000000070ca00000|  0%| F|  |TAMS 0x000000070c800000, 0x000000070c800000| Untracked 
| 101|0x000000070ca00000, 0x000000070ca00000, 0x000000070cc00000|  0%| F|  |TAMS 0x000000070ca00000, 0x000000070ca00000| Untracked 
| 102|0x000000070cc00000, 0x000000070cc00000, 0x000000070ce00000|  0%| F|  |TAMS 0x000000070cc00000, 0x000000070cc00000| Untracked 
| 103|0x000000070ce00000, 0x000000070ce00000, 0x000000070d000000|  0%| F|  |TAMS 0x000000070ce00000, 0x000000070ce00000| Untracked 
| 104|0x000000070d000000, 0x000000070d000000, 0x000000070d200000|  0%| F|  |TAMS 0x000000070d000000, 0x000000070d000000| Untracked 
| 105|0x000000070d200000, 0x000000070d200000, 0x000000070d400000|  0%| F|  |TAMS 0x000000070d200000, 0x000000070d200000| Untracked 
| 106|0x000000070d400000, 0x000000070d400000, 0x000000070d600000|  0%| F|  |TAMS 0x000000070d400000, 0x000000070d400000| Untracked 
| 107|0x000000070d600000, 0x000000070d600000, 0x000000070d800000|  0%| F|  |TAMS 0x000000070d600000, 0x000000070d600000| Untracked 
| 108|0x000000070d800000, 0x000000070d800000, 0x000000070da00000|  0%| F|  |TAMS 0x000000070d800000, 0x000000070d800000| Untracked 
| 109|0x000000070da00000, 0x000000070da00000, 0x000000070dc00000|  0%| F|  |TAMS 0x000000070da00000, 0x000000070da00000| Untracked 
| 110|0x000000070dc00000, 0x000000070dc00000, 0x000000070de00000|  0%| F|  |TAMS 0x000000070dc00000, 0x000000070dc00000| Untracked 
| 111|0x000000070de00000, 0x000000070de00000, 0x000000070e000000|  0%| F|  |TAMS 0x000000070de00000, 0x000000070de00000| Untracked 
| 112|0x000000070e000000, 0x000000070e000000, 0x000000070e200000|  0%| F|  |TAMS 0x000000070e000000, 0x000000070e000000| Untracked 
| 113|0x000000070e200000, 0x000000070e200000, 0x000000070e400000|  0%| F|  |TAMS 0x000000070e200000, 0x000000070e200000| Untracked 
| 114|0x000000070e400000, 0x000000070e400000, 0x000000070e600000|  0%| F|  |TAMS 0x000000070e400000, 0x000000070e400000| Untracked 
| 115|0x000000070e600000, 0x000000070e600000, 0x000000070e800000|  0%| F|  |TAMS 0x000000070e600000, 0x000000070e600000| Untracked 
| 116|0x000000070e800000, 0x000000070e800000, 0x000000070ea00000|  0%| F|  |TAMS 0x000000070e800000, 0x000000070e800000| Untracked 
| 117|0x000000070ea00000, 0x000000070ea00000, 0x000000070ec00000|  0%| F|  |TAMS 0x000000070ea00000, 0x000000070ea00000| Untracked 
| 118|0x000000070ec00000, 0x000000070ec00000, 0x000000070ee00000|  0%| F|  |TAMS 0x000000070ec00000, 0x000000070ec00000| Untracked 
| 119|0x000000070ee00000, 0x000000070ee00000, 0x000000070f000000|  0%| F|  |TAMS 0x000000070ee00000, 0x000000070ee00000| Untracked 
| 120|0x000000070f000000, 0x000000070f000000, 0x000000070f200000|  0%| F|  |TAMS 0x000000070f000000, 0x000000070f000000| Untracked 
| 121|0x000000070f200000, 0x000000070f200000, 0x000000070f400000|  0%| F|  |TAMS 0x000000070f200000, 0x000000070f200000| Untracked 
| 122|0x000000070f400000, 0x000000070f400000, 0x000000070f600000|  0%| F|  |TAMS 0x000000070f400000, 0x000000070f400000| Untracked 
| 123|0x000000070f600000, 0x000000070f600000, 0x000000070f800000|  0%| F|  |TAMS 0x000000070f600000, 0x000000070f600000| Untracked 
| 124|0x000000070f800000, 0x000000070f800000, 0x000000070fa00000|  0%| F|  |TAMS 0x000000070f800000, 0x000000070f800000| Untracked 
| 125|0x000000070fa00000, 0x000000070fa00000, 0x000000070fc00000|  0%| F|  |TAMS 0x000000070fa00000, 0x000000070fa00000| Untracked 
| 126|0x000000070fc00000, 0x000000070fc00000, 0x000000070fe00000|  0%| F|  |TAMS 0x000000070fc00000, 0x000000070fc00000| Untracked 
| 127|0x000000070fe00000, 0x000000070ffc51f8, 0x0000000710000000| 88%| E|  |TAMS 0x000000070fe00000, 0x000000070fe00000| Complete 
|1534|0x00000007bfc00000, 0x00000007bfd51000, 0x00000007bfe00000| 65%|OA|  |TAMS 0x00000007bfc00000, 0x00000007bfc00000| Untracked 
|1535|0x00000007bfe00000, 0x00000007bfe79000, 0x00000007c0000000| 23%|CA|  |TAMS 0x00000007bfe00000, 0x00000007bfe00000| Untracked 

Card table byte_map: [0x000000011b467000,0x000000011bc67000] _byte_map_base: 0x0000000117c67000

Marking Bits (Prev, Next): (CMBitMap*) 0x00007f99df008210, (CMBitMap*) 0x00007f99df008250
 Prev Bits: [0x000000011c467000, 0x0000000120467000)
 Next Bits: [0x0000000120467000, 0x0000000124467000)

Polling page: 0x00000001007ce000

Metaspace:

Usage:
  Non-class:      4.08 MB capacity,   289.70 KB (  7%) used,     3.79 MB ( 93%) free+waste,   384 bytes ( <1%) overhead. 
      Class:    424.00 KB capacity,    23.09 KB (  5%) used,   400.54 KB ( 94%) free+waste,   384 bytes ( <1%) overhead. 
       Both:      4.49 MB capacity,   312.79 KB (  7%) used,     4.19 MB ( 93%) free+waste,   768 bytes ( <1%) overhead. 

Virtual space:
  Non-class space:        8.00 MB reserved,       4.25 MB ( 53%) committed 
      Class space:        1.00 GB reserved,     512.00 KB ( <1%) committed 
             Both:        1.01 GB reserved,       4.75 MB ( <1%) committed 

Chunk freelists:
   Non-Class:  0 bytes
       Class:  8.00 KB
        Both:  8.00 KB

MaxMetaspaceSize: 17179869184.00 GB
CompressedClassSpaceSize: 1.00 GB

CodeHeap 'non-profiled nmethods': size=119168Kb used=24Kb max_used=24Kb free=119143Kb
 bounds [0x0000000114007000, 0x0000000114277000, 0x000000011b467000]
CodeHeap 'profiled nmethods': size=119164Kb used=154Kb max_used=154Kb free=119009Kb
 bounds [0x000000010cba8000, 0x000000010ce18000, 0x0000000114007000]
CodeHeap 'non-nmethods': size=7428Kb used=1626Kb max_used=1641Kb free=5802Kb
 bounds [0x000000010c467000, 0x000000010c6d7000, 0x000000010cba8000]
 total_blobs=415 nmethods=123 adapters=205
 compilation: enabled
              stopped_count=0, restarted_count=0
 full_count=0

Compilation events (20 events):
Event: 0.054 Thread 0x00007f99de816400  114       3       java.lang.StringLatin1::newString (24 bytes)
Event: 0.054 Thread 0x00007f99e0825e00 nmethod 113 0x000000010cbc9710 code [0x000000010cbc99a0, 0x000000010cbca270]
Event: 0.054 Thread 0x00007f99de816400 nmethod 114 0x000000010cbca610 code [0x000000010cbca7c0, 0x000000010cbcaac0]
Event: 0.055 Thread 0x00007f99e0825e00  115       3       java.util.zip.ZipFile::ensureOpen (40 bytes)
Event: 0.055 Thread 0x00007f99de815e00  116       4       java.lang.String::charAt (25 bytes)
Event: 0.055 Thread 0x00007f99e0825e00 nmethod 115 0x000000010cbcac10 code [0x000000010cbcade0, 0x000000010cbcb070]
Event: 0.056 Thread 0x00007f99e0825e00  117       3       java.util.ArrayList::get (15 bytes)
Event: 0.056 Thread 0x00007f99de815e00 nmethod 116 0x000000011400d010 code [0x000000011400d1a0, 0x000000011400d278]
Event: 0.056 Thread 0x00007f99de816400  118       3       java.util.Objects::checkIndex (7 bytes)
Event: 0.056 Thread 0x00007f99de816400 nmethod 118 0x000000010cbcb190 code [0x000000010cbcb340, 0x000000010cbcb540]
Event: 0.056 Thread 0x00007f99de816400  121   !   3       java.util.jar.JarFile::checkForSpecialAttributes (163 bytes)
Event: 0.056 Thread 0x00007f99e0825e00 nmethod 117 0x000000010cbcb690 code [0x000000010cbcb860, 0x000000010cbcbb80]
Event: 0.056 Thread 0x00007f99e0825e00  119       3       jdk.internal.util.Preconditions::checkIndex (18 bytes)
Event: 0.056 Thread 0x00007f99e0825e00 nmethod 119 0x000000010cbcbd10 code [0x000000010cbcbea0, 0x000000010cbcc040]
Event: 0.056 Thread 0x00007f99e0825e00  120       3       java.util.ArrayList::elementData (7 bytes)
Event: 0.056 Thread 0x00007f99e0825e00 nmethod 120 0x000000010cbcc110 code [0x000000010cbcc2a0, 0x000000010cbcc3d0]
Event: 0.056 Thread 0x00007f99e0825e00  122       3       java.lang.String::lastIndexOf (29 bytes)
Event: 0.056 Thread 0x00007f99e0825e00 nmethod 122 0x000000010cbcc490 code [0x000000010cbcc640, 0x000000010cbcc8b0]
Event: 0.056 Thread 0x00007f99e0825e00  123   !   3       java.util.jar.JarFile::isMultiRelease (33 bytes)
Event: 0.057 Thread 0x00007f99e0825e00 nmethod 123 0x000000010cbcc990 code [0x000000010cbccb40, 0x000000010cbccd20]

GC Heap History (0 events):
No events

Deoptimization events (20 events):
Event: 0.046 Thread 0x00007f99de809000 DEOPT PACKING pc=0x000000010cbba136 sp=0x00007000067fa450
Event: 0.046 Thread 0x00007f99de809000 DEOPT UNPACKING pc=0x000000010c4b4f2b sp=0x00007000067f9990 mode 0
Event: 0.046 Thread 0x00007f99de809000 DEOPT PACKING pc=0x000000010cbba136 sp=0x00007000067fa450
Event: 0.046 Thread 0x00007f99de809000 DEOPT UNPACKING pc=0x000000010c4b4f2b sp=0x00007000067f9990 mode 0
Event: 0.046 Thread 0x00007f99de809000 DEOPT PACKING pc=0x000000010cbba136 sp=0x00007000067fa450
Event: 0.046 Thread 0x00007f99de809000 DEOPT UNPACKING pc=0x000000010c4b4f2b sp=0x00007000067f9990 mode 0
Event: 0.046 Thread 0x00007f99de809000 DEOPT PACKING pc=0x000000010cbba136 sp=0x00007000067fa450
Event: 0.046 Thread 0x00007f99de809000 DEOPT UNPACKING pc=0x000000010c4b4f2b sp=0x00007000067f9990 mode 0
Event: 0.047 Thread 0x00007f99de809000 DEOPT PACKING pc=0x000000010cbba136 sp=0x00007000067fa450
Event: 0.047 Thread 0x00007f99de809000 DEOPT UNPACKING pc=0x000000010c4b4f2b sp=0x00007000067f9990 mode 0
Event: 0.047 Thread 0x00007f99de809000 DEOPT PACKING pc=0x000000010cbba136 sp=0x00007000067fa450
Event: 0.047 Thread 0x00007f99de809000 DEOPT UNPACKING pc=0x000000010c4b4f2b sp=0x00007000067f9990 mode 0
Event: 0.047 Thread 0x00007f99de809000 DEOPT PACKING pc=0x000000010cbba136 sp=0x00007000067fa450
Event: 0.047 Thread 0x00007f99de809000 DEOPT UNPACKING pc=0x000000010c4b4f2b sp=0x00007000067f9990 mode 0
Event: 0.047 Thread 0x00007f99de809000 DEOPT PACKING pc=0x000000010cbba136 sp=0x00007000067fa450
Event: 0.047 Thread 0x00007f99de809000 DEOPT UNPACKING pc=0x000000010c4b4f2b sp=0x00007000067f9990 mode 0
Event: 0.047 Thread 0x00007f99de809000 DEOPT PACKING pc=0x000000010cbba136 sp=0x00007000067fa450
Event: 0.047 Thread 0x00007f99de809000 DEOPT UNPACKING pc=0x000000010c4b4f2b sp=0x00007000067f9990 mode 0
Event: 0.047 Thread 0x00007f99de809000 DEOPT PACKING pc=0x000000010cbba136 sp=0x00007000067fa450
Event: 0.047 Thread 0x00007f99de809000 DEOPT UNPACKING pc=0x000000010c4b4f2b sp=0x00007000067f9990 mode 0

Classes unloaded (0 events):
No events

Classes redefined (0 events):
No events

Internal exceptions (0 events):
No events

Events (20 events):
Event: 0.020 Thread 0x00007f99de815e00 Thread added: 0x00007f99de815e00
Event: 0.020 Protecting memory [0x0000700007323000,0x0000700007327000] with protection modes 0
Event: 0.020 Thread 0x00007f99de816400 Thread added: 0x00007f99de816400
Event: 0.020 Protecting memory [0x0000700007426000,0x000070000742a000] with protection modes 0
Event: 0.020 Thread 0x00007f99de816a00 Thread added: 0x00007f99de816a00
Event: 0.020 Protecting memory [0x0000700007529000,0x000070000752d000] with protection modes 0
Event: 0.026 Thread 0x00007f99e0825e00 Thread added: 0x00007f99e0825e00
Event: 0.026 Protecting memory [0x000070000762c000,0x0000700007630000] with protection modes 0
Event: 0.030 Thread 0x00007f99e280aa00 Thread added: 0x00007f99e280aa00
Event: 0.030 Protecting memory [0x000070000772f000,0x0000700007733000] with protection modes 0
Event: 0.032 loading class jdk/internal/loader/URLClassPath$FileLoader
Event: 0.032 loading class jdk/internal/loader/URLClassPath$FileLoader done
Event: 0.033 Thread 0x00007f99e300a400 Thread added: 0x00007f99e300a400
Event: 0.033 Protecting memory [0x0000700007935000,0x0000700007939000] with protection modes 0
Event: 0.036 Loaded shared library /Library/Java/JavaVirtualMachines/jdk-15.0.1.jdk/Contents/Home/lib/libnio.dylib
Event: 0.039 Loaded shared library /Library/Java/JavaVirtualMachines/jdk-15.0.1.jdk/Contents/Home/lib/libzip.dylib
Event: 0.047 Executing VM operation: HandshakeAllThreads
Event: 0.048 Executing VM operation: HandshakeAllThreads done
Event: 0.057 loading class java/lang/Class$EnclosingMethodInfo
Event: 0.057 loading class java/lang/Class$EnclosingMethodInfo done


Dynamic libraries:
0x00007fff6eb4e000 	/usr/lib/libz.1.dylib
0x000000010078d000 	/Library/Java/JavaVirtualMachines/jdk-15.0.1.jdk/Contents/Home/lib/libjli.dylib
0x00007fff34831000 	/System/Library/Frameworks/Cocoa.framework/Versions/A/Cocoa
0x00007fff4202a000 	/System/Library/Frameworks/Security.framework/Versions/A/Security
0x00007fff33796000 	/System/Library/Frameworks/ApplicationServices.framework/Versions/A/ApplicationServices
0x00007fff6c612000 	/usr/lib/libSystem.B.dylib
0x00007fff6f40f000 	/usr/lib/system/libcache.dylib
0x00007fff6f415000 	/usr/lib/system/libcommonCrypto.dylib
0x00007fff6f421000 	/usr/lib/system/libcompiler_rt.dylib
0x00007fff6f429000 	/usr/lib/system/libcopyfile.dylib
0x00007fff6f433000 	/usr/lib/system/libcorecrypto.dylib
0x00007fff6f5d2000 	/usr/lib/system/libdispatch.dylib
0x00007fff6f613000 	/usr/lib/system/libdyld.dylib
0x00007fff6f64a000 	/usr/lib/system/libkeymgr.dylib
0x00007fff6f658000 	/usr/lib/system/liblaunch.dylib
0x00007fff6f659000 	/usr/lib/system/libmacho.dylib
0x00007fff6f65f000 	/usr/lib/system/libquarantine.dylib
0x00007fff6f662000 	/usr/lib/system/libremovefile.dylib
0x00007fff6f664000 	/usr/lib/system/libsystem_asl.dylib
0x00007fff6f67c000 	/usr/lib/system/libsystem_blocks.dylib
0x00007fff6f67d000 	/usr/lib/system/libsystem_c.dylib
0x00007fff6f705000 	/usr/lib/system/libsystem_configuration.dylib
0x00007fff6f709000 	/usr/lib/system/libsystem_coreservices.dylib
0x00007fff6f70d000 	/usr/lib/system/libsystem_darwin.dylib
0x00007fff6f716000 	/usr/lib/system/libsystem_dnssd.dylib
0x00007fff6f71e000 	/usr/lib/system/libsystem_featureflags.dylib
0x00007fff6f720000 	/usr/lib/system/libsystem_info.dylib
0x00007fff6f79b000 	/usr/lib/system/libsystem_m.dylib
0x00007fff6f7e3000 	/usr/lib/system/libsystem_malloc.dylib
0x00007fff6f80b000 	/usr/lib/system/libsystem_networkextension.dylib
0x00007fff6f819000 	/usr/lib/system/libsystem_notify.dylib
0x00007fff6f837000 	/usr/lib/system/libsystem_sandbox.dylib
0x00007fff6f83c000 	/usr/lib/system/libsystem_secinit.dylib
0x00007fff6f76e000 	/usr/lib/system/libsystem_kernel.dylib
0x00007fff6f823000 	/usr/lib/system/libsystem_platform.dylib
0x00007fff6f82c000 	/usr/lib/system/libsystem_pthread.dylib
0x00007fff6f83f000 	/usr/lib/system/libsystem_symptoms.dylib
0x00007fff6f847000 	/usr/lib/system/libsystem_trace.dylib
0x00007fff6f85f000 	/usr/lib/system/libunwind.dylib
0x00007fff6f865000 	/usr/lib/system/libxpc.dylib
0x00007fff6e472000 	/usr/lib/libobjc.A.dylib
0x00007fff6c94b000 	/usr/lib/libc++abi.dylib
0x00007fff6c8f8000 	/usr/lib/libc++.1.dylib
0x00007fff356d3000 	/System/Library/Frameworks/CoreFoundation.framework/Versions/A/CoreFoundation
0x00007fff37d90000 	/System/Library/Frameworks/Foundation.framework/Versions/C/Foundation
0x00007fff32986000 	/System/Library/Frameworks/AppKit.framework/Versions/C/AppKit
0x00007fff351b5000 	/System/Library/Frameworks/CoreData.framework/Versions/A/CoreData
0x00007fff66627000 	/System/Library/PrivateFrameworks/UIFoundation.framework/Versions/A/UIFoundation
0x00007fff616bb000 	/System/Library/PrivateFrameworks/RemoteViewServices.framework/Versions/A/RemoteViewServices
0x00007fff69182000 	/System/Library/PrivateFrameworks/XCTTargetBootstrap.framework/Versions/A/XCTTargetBootstrap
0x00007fff355a0000 	/System/Library/Frameworks/CoreDisplay.framework/Versions/A/CoreDisplay
0x00007fff3ac4b000 	/System/Library/Frameworks/Metal.framework/Versions/A/Metal
0x00007fff4f6be000 	/System/Library/PrivateFrameworks/DesktopServicesPriv.framework/Versions/A/DesktopServicesPriv
0x00007fff6d74d000 	/usr/lib/liblangid.dylib
0x00007fff4e953000 	/System/Library/PrivateFrameworks/CoreSVG.framework/Versions/A/CoreSVG
0x00007fff64817000 	/System/Library/PrivateFrameworks/SkyLight.framework/Versions/A/SkyLight
0x00007fff35b54000 	/System/Library/Frameworks/CoreGraphics.framework/Versions/A/CoreGraphics
0x00007fff3135a000 	/System/Library/Frameworks/Accelerate.framework/Versions/A/Accelerate
0x00007fff6ea3f000 	/usr/lib/libxml2.2.dylib
0x00007fff5a646000 	/System/Library/PrivateFrameworks/IconServices.framework/Versions/A/IconServices
0x00007fff3856f000 	/System/Library/Frameworks/IOSurface.framework/Versions/A/IOSurface
0x00007fff6c13c000 	/usr/lib/libDiagnosticMessagesClient.dylib
0x00007fff4f518000 	/System/Library/PrivateFrameworks/DFRFoundation.framework/Versions/A/DFRFoundation
0x00007fff6d4dc000 	/usr/lib/libicucore.A.dylib
0x00007fff33ac8000 	/System/Library/Frameworks/AudioToolbox.framework/Versions/A/AudioToolbox
0x00007fff33bab000 	/System/Library/Frameworks/AudioUnit.framework/Versions/A/AudioUnit
0x00007fff6c814000 	/usr/lib/libauto.dylib
0x00007fff4f5ba000 	/System/Library/PrivateFrameworks/DataDetectorsCore.framework/Versions/A/DataDetectorsCore
0x00007fff34352000 	/System/Library/Frameworks/Carbon.framework/Versions/A/Frameworks/HIToolbox.framework/Versions/A/HIToolbox
0x00007fff41224000 	/System/Library/Frameworks/QuartzCore.framework/Versions/A/QuartzCore
0x00007fff34691000 	/System/Library/Frameworks/Carbon.framework/Versions/A/Frameworks/SpeechRecognition.framework/Versions/A/SpeechRecognition
0x00007fff4f02c000 	/System/Library/PrivateFrameworks/CoreUI.framework/Versions/A/CoreUI
0x00007fff34c20000 	/System/Library/Frameworks/CoreAudio.framework/Versions/A/CoreAudio
0x00007fff37a4f000 	/System/Library/Frameworks/DiskArbitration.framework/Versions/A/DiskArbitration
0x00007fff5c696000 	/System/Library/PrivateFrameworks/MultitouchSupport.framework/Versions/A/MultitouchSupport
0x00007fff6d3a3000 	/usr/lib/libenergytrace.dylib
0x00007fff384c9000 	/System/Library/Frameworks/IOKit.framework/Versions/A/IOKit
0x00007fff36abb000 	/System/Library/Frameworks/CoreServices.framework/Versions/A/CoreServices
0x00007fff5e84e000 	/System/Library/PrivateFrameworks/PerformanceAnalysis.framework/Versions/A/PerformanceAnalysis
0x00007fff40257000 	/System/Library/Frameworks/OpenGL.framework/Versions/A/OpenGL
0x00007fff3483f000 	/System/Library/Frameworks/ColorSync.framework/Versions/A/ColorSync
0x00007fff361d7000 	/System/Library/Frameworks/CoreImage.framework/Versions/A/CoreImage
0x00007fff3752e000 	/System/Library/Frameworks/CoreText.framework/Versions/A/CoreText
0x00007fff385ff000 	/System/Library/Frameworks/ImageIO.framework/Versions/A/ImageIO
0x00007fff6c974000 	/usr/lib/libcompression.dylib
0x00007fff6c480000 	/usr/lib/libMobileGestalt.dylib
0x00007fff66391000 	/System/Library/PrivateFrameworks/TextureIO.framework/Versions/A/TextureIO
0x00007fff6c777000 	/usr/lib/libate.dylib
0x00007fff5a84f000 	/System/Library/PrivateFrameworks/InternationalSupport.framework/Versions/A/InternationalSupport
0x00007fff6d74f000 	/usr/lib/liblzma.5.dylib
0x00007fff6d3ca000 	/usr/lib/libfakelink.dylib
0x00007fff6c704000 	/usr/lib/libarchive.2.dylib
0x00007fff430db000 	/System/Library/Frameworks/SystemConfiguration.framework/Versions/A/SystemConfiguration
0x00007fff6c06f000 	/usr/lib/libCRFSuite.dylib
0x00007fff33f42000 	/System/Library/Frameworks/CFNetwork.framework/Versions/A/CFNetwork
0x00007fff6c8da000 	/usr/lib/libbsm.0.dylib
0x00007fff6f64b000 	/usr/lib/system/libkxld.dylib
0x00007fff48e95000 	/System/Library/PrivateFrameworks/AppleFSCompression.framework/Versions/A/AppleFSCompression
0x00007fff6cc65000 	/usr/lib/libcoretls.dylib
0x00007fff6cc7c000 	/usr/lib/libcoretls_cfhelpers.dylib
0x00007fff6e4b8000 	/usr/lib/libpam.2.dylib
0x00007fff6e5ed000 	/usr/lib/libsqlite3.dylib
0x00007fff6ea2c000 	/usr/lib/libxar.1.dylib
0x00007fff6c8eb000 	/usr/lib/libbz2.1.0.dylib
0x00007fff6d3eb000 	/usr/lib/libiconv.2.dylib
0x00007fff6c961000 	/usr/lib/libcharset.1.dylib
0x00007fff6df55000 	/usr/lib/libnetwork.dylib
0x00007fff6e4bf000 	/usr/lib/libpcap.A.dylib
0x00007fff6c6b9000 	/usr/lib/libapple_nghttp2.dylib
0x00007fff36e72000 	/System/Library/Frameworks/CoreServices.framework/Versions/A/Frameworks/FSEvents.framework/Versions/A/FSEvents
0x00007fff36b42000 	/System/Library/Frameworks/CoreServices.framework/Versions/A/Frameworks/CarbonCore.framework/Versions/A/CarbonCore
0x00007fff370b6000 	/System/Library/Frameworks/CoreServices.framework/Versions/A/Frameworks/Metadata.framework/Versions/A/Metadata
0x00007fff3714f000 	/System/Library/Frameworks/CoreServices.framework/Versions/A/Frameworks/OSServices.framework/Versions/A/OSServices
0x00007fff3717d000 	/System/Library/Frameworks/CoreServices.framework/Versions/A/Frameworks/SearchKit.framework/Versions/A/SearchKit
0x00007fff36abc000 	/System/Library/Frameworks/CoreServices.framework/Versions/A/Frameworks/AE.framework/Versions/A/AE
0x00007fff36e7b000 	/System/Library/Frameworks/CoreServices.framework/Versions/A/Frameworks/LaunchServices.framework/Versions/A/LaunchServices
0x00007fff36e24000 	/System/Library/Frameworks/CoreServices.framework/Versions/A/Frameworks/DictionaryServices.framework/Versions/A/DictionaryServices
0x00007fff371e5000 	/System/Library/Frameworks/CoreServices.framework/Versions/A/Frameworks/SharedFileList.framework/Versions/A/SharedFileList
0x00007fff3c076000 	/System/Library/Frameworks/NetFS.framework/Versions/A/NetFS
0x00007fff5cbc6000 	/System/Library/PrivateFrameworks/NetAuth.framework/Versions/A/NetAuth
0x00007fff6954f000 	/System/Library/PrivateFrameworks/login.framework/Versions/A/Frameworks/loginsupport.framework/Versions/A/loginsupport
0x00007fff65e5c000 	/System/Library/PrivateFrameworks/TCC.framework/Versions/A/TCC
0x00007fff4dac6000 	/System/Library/PrivateFrameworks/CoreNLP.framework/Versions/A/CoreNLP
0x00007fff5c0c3000 	/System/Library/PrivateFrameworks/MetadataUtilities.framework/Versions/A/MetadataUtilities
0x00007fff6d827000 	/usr/lib/libmecabra.dylib
0x00007fff6d77f000 	/usr/lib/libmecab.dylib
0x00007fff6d3db000 	/usr/lib/libgermantok.dylib
0x00007fff6c6a0000 	/usr/lib/libThaiTokenizer.dylib
0x00007fff6c0a6000 	/usr/lib/libChineseTokenizer.dylib
0x00007fff31372000 	/System/Library/Frameworks/Accelerate.framework/Versions/A/Frameworks/vImage.framework/Versions/A/vImage
0x00007fff327dc000 	/System/Library/Frameworks/Accelerate.framework/Versions/A/Frameworks/vecLib.framework/Versions/A/vecLib
0x00007fff32719000 	/System/Library/Frameworks/Accelerate.framework/Versions/A/Frameworks/vecLib.framework/Versions/A/libvMisc.dylib
0x00007fff32541000 	/System/Library/Frameworks/Accelerate.framework/Versions/A/Frameworks/vecLib.framework/Versions/A/libvDSP.dylib
0x00007fff319c9000 	/System/Library/Frameworks/Accelerate.framework/Versions/A/Frameworks/vecLib.framework/Versions/A/libBLAS.dylib
0x00007fff32105000 	/System/Library/Frameworks/Accelerate.framework/Versions/A/Frameworks/vecLib.framework/Versions/A/libLAPACK.dylib
0x00007fff324a1000 	/System/Library/Frameworks/Accelerate.framework/Versions/A/Frameworks/vecLib.framework/Versions/A/libLinearAlgebra.dylib
0x00007fff3252e000 	/System/Library/Frameworks/Accelerate.framework/Versions/A/Frameworks/vecLib.framework/Versions/A/libSparseBLAS.dylib
0x00007fff324b7000 	/System/Library/Frameworks/Accelerate.framework/Versions/A/Frameworks/vecLib.framework/Versions/A/libQuadrature.dylib
0x00007fff31c31000 	/System/Library/Frameworks/Accelerate.framework/Versions/A/Frameworks/vecLib.framework/Versions/A/libBNNS.dylib
0x00007fff324bd000 	/System/Library/Frameworks/Accelerate.framework/Versions/A/Frameworks/vecLib.framework/Versions/A/libSparse.dylib
0x00007fff5ac37000 	/System/Library/PrivateFrameworks/LanguageModeling.framework/Versions/A/LanguageModeling
0x00007fff4d476000 	/System/Library/PrivateFrameworks/CoreEmoji.framework/Versions/A/CoreEmoji
0x00007fff5ad55000 	/System/Library/PrivateFrameworks/LinguisticData.framework/Versions/A/LinguisticData
0x00007fff5ad06000 	/System/Library/PrivateFrameworks/Lexicon.framework/Versions/A/Lexicon
0x00007fff6c962000 	/usr/lib/libcmph.dylib
0x00007fff3ec65000 	/System/Library/Frameworks/OpenDirectory.framework/Versions/A/Frameworks/CFOpenDirectory.framework/Versions/A/CFOpenDirectory
0x00007fff3ec82000 	/System/Library/Frameworks/OpenDirectory.framework/Versions/A/OpenDirectory
0x00007fff470c5000 	/System/Library/PrivateFrameworks/APFS.framework/Versions/A/APFS
0x00007fff42374000 	/System/Library/Frameworks/SecurityFoundation.framework/Versions/A/SecurityFoundation
0x00007fff6ea28000 	/usr/lib/libutil.dylib
0x00007fff4e9ab000 	/System/Library/PrivateFrameworks/CoreServicesStore.framework/Versions/A/CoreServicesStore
0x00007fff4242b000 	/System/Library/Frameworks/ServiceManagement.framework/Versions/A/ServiceManagement
0x00007fff4a665000 	/System/Library/PrivateFrameworks/BackgroundTaskManagement.framework/Versions/A/BackgroundTaskManagement
0x00007fff6eb25000 	/usr/lib/libxslt.1.dylib
0x00007fff49508000 	/System/Library/PrivateFrameworks/AppleSystemInfo.framework/Versions/A/AppleSystemInfo
0x00007fff3881a000 	/System/Library/Frameworks/ImageIO.framework/Versions/A/Resources/libJPEG.dylib
0x00007fff38ad9000 	/System/Library/Frameworks/ImageIO.framework/Versions/A/Resources/libTIFF.dylib
0x00007fff38abc000 	/System/Library/Frameworks/ImageIO.framework/Versions/A/Resources/libPng.dylib
0x00007fff3875c000 	/System/Library/Frameworks/ImageIO.framework/Versions/A/Resources/libGIF.dylib
0x00007fff38760000 	/System/Library/Frameworks/ImageIO.framework/Versions/A/Resources/libJP2.dylib
0x00007fff38ad7000 	/System/Library/Frameworks/ImageIO.framework/Versions/A/Resources/libRadiance.dylib
0x00007fff6d3a4000 	/usr/lib/libexpat.1.dylib
0x00007fff48ff0000 	/System/Library/PrivateFrameworks/AppleJPEG.framework/Versions/A/AppleJPEG
0x00007fff51cab000 	/System/Library/PrivateFrameworks/FontServices.framework/libFontParser.dylib
0x00007fff68551000 	/System/Library/PrivateFrameworks/WatchdogClient.framework/Versions/A/WatchdogClient
0x00007fff5a292000 	/System/Library/PrivateFrameworks/IOAccelerator.framework/Versions/A/IOAccelerator
0x00007fff3afe6000 	/System/Library/Frameworks/MetalPerformanceShaders.framework/Versions/A/MetalPerformanceShaders
0x00007fff56a28000 	/System/Library/PrivateFrameworks/GPUWrangler.framework/Versions/A/GPUWrangler
0x00007fff5a2a7000 	/System/Library/PrivateFrameworks/IOPresentment.framework/Versions/A/IOPresentment
0x00007fff4f52b000 	/System/Library/PrivateFrameworks/DSExternalDisplay.framework/Versions/A/DSExternalDisplay
0x00007fff3f5f6000 	/System/Library/Frameworks/OpenGL.framework/Versions/A/Libraries/libCoreFSCache.dylib
0x00007fff3ad32000 	/System/Library/Frameworks/MetalPerformanceShaders.framework/Frameworks/MPSCore.framework/Versions/A/MPSCore
0x00007fff3ad70000 	/System/Library/Frameworks/MetalPerformanceShaders.framework/Frameworks/MPSImage.framework/Versions/A/MPSImage
0x00007fff3ae37000 	/System/Library/Frameworks/MetalPerformanceShaders.framework/Frameworks/MPSNeuralNetwork.framework/Versions/A/MPSNeuralNetwork
0x00007fff3adfb000 	/System/Library/Frameworks/MetalPerformanceShaders.framework/Frameworks/MPSMatrix.framework/Versions/A/MPSMatrix
0x00007fff3af96000 	/System/Library/Frameworks/MetalPerformanceShaders.framework/Frameworks/MPSRayIntersector.framework/Versions/A/MPSRayIntersector
0x00007fff3ae21000 	/System/Library/Frameworks/MetalPerformanceShaders.framework/Frameworks/MPSNDArray.framework/Versions/A/MPSNDArray
0x00007fff5c110000 	/System/Library/PrivateFrameworks/MetalTools.framework/Versions/A/MetalTools
0x00007fff4829f000 	/System/Library/PrivateFrameworks/AggregateDictionary.framework/Versions/A/AggregateDictionary
0x00007fff4cebe000 	/System/Library/PrivateFrameworks/CoreAnalytics.framework/Versions/A/CoreAnalytics
0x00007fff49427000 	/System/Library/PrivateFrameworks/AppleSauce.framework/Versions/A/AppleSauce
0x00007fff6c362000 	/usr/lib/libIOReport.dylib
0x00007fff376e6000 	/System/Library/Frameworks/CoreVideo.framework/Versions/A/CoreVideo
0x00007fff57ea1000 	/System/Library/PrivateFrameworks/GraphVisualizer.framework/Versions/A/GraphVisualizer
0x00007fff511f1000 	/System/Library/PrivateFrameworks/FaceCore.framework/Versions/A/FaceCore
0x00007fff3ec0c000 	/System/Library/Frameworks/OpenCL.framework/Versions/A/OpenCL
0x00007fff6c184000 	/usr/lib/libFosl_dynamic.dylib
0x00007fff5d5e6000 	/System/Library/PrivateFrameworks/OTSVG.framework/Versions/A/OTSVG
0x00007fff3389b000 	/System/Library/Frameworks/ApplicationServices.framework/Versions/A/Frameworks/ATS.framework/Versions/A/Resources/libFontRegistry.dylib
0x00007fff51e7c000 	/System/Library/PrivateFrameworks/FontServices.framework/libhvf.dylib
0x00007fff3f601000 	/System/Library/Frameworks/OpenGL.framework/Versions/A/Libraries/libGFXShared.dylib
0x00007fff3f7df000 	/System/Library/Frameworks/OpenGL.framework/Versions/A/Libraries/libGLU.dylib
0x00007fff3f60a000 	/System/Library/Frameworks/OpenGL.framework/Versions/A/Libraries/libGL.dylib
0x00007fff3f615000 	/System/Library/Frameworks/OpenGL.framework/Versions/A/Libraries/libGLImage.dylib
0x00007fff3f5f3000 	/System/Library/Frameworks/OpenGL.framework/Versions/A/Libraries/libCVMSPluginSupport.dylib
0x00007fff3f5fc000 	/System/Library/Frameworks/OpenGL.framework/Versions/A/Libraries/libCoreVMClient.dylib
0x00007fff6ddf6000 	/usr/lib/libncurses.5.4.dylib
0x00007fff33797000 	/System/Library/Frameworks/ApplicationServices.framework/Versions/A/Frameworks/ATS.framework/Versions/A/ATS
0x00007fff33964000 	/System/Library/Frameworks/ApplicationServices.framework/Versions/A/Frameworks/ColorSyncLegacy.framework/Versions/A/ColorSyncLegacy
0x00007fff33a02000 	/System/Library/Frameworks/ApplicationServices.framework/Versions/A/Frameworks/HIServices.framework/Versions/A/HIServices
0x00007fff33a5a000 	/System/Library/Frameworks/ApplicationServices.framework/Versions/A/Frameworks/LangAnalysis.framework/Versions/A/LangAnalysis
0x00007fff33a69000 	/System/Library/Frameworks/ApplicationServices.framework/Versions/A/Frameworks/PrintCore.framework/Versions/A/PrintCore
0x00007fff33aaf000 	/System/Library/Frameworks/ApplicationServices.framework/Versions/A/Frameworks/QD.framework/Versions/A/QD
0x00007fff33aba000 	/System/Library/Frameworks/ApplicationServices.framework/Versions/A/Frameworks/SpeechSynthesis.framework/Versions/A/SpeechSynthesis
0x00007fff33934000 	/System/Library/Frameworks/ApplicationServices.framework/Versions/A/Frameworks/ATSUI.framework/Versions/A/ATSUI
0x00007fff6d23a000 	/usr/lib/libcups.2.dylib
0x00007fff3a081000 	/System/Library/Frameworks/Kerberos.framework/Versions/A/Kerberos
0x00007fff381c2000 	/System/Library/Frameworks/GSS.framework/Versions/A/GSS
0x00007fff6e579000 	/usr/lib/libresolv.9.dylib
0x00007fff5804e000 	/System/Library/PrivateFrameworks/Heimdal.framework/Versions/A/Heimdal
0x00007fff3a094000 	/System/Library/Frameworks/Kerberos.framework/Versions/A/Libraries/libHeimdalProxy.dylib
0x00007fff6d3e1000 	/usr/lib/libheimdal-asn1.dylib
0x00007fff4c356000 	/System/Library/PrivateFrameworks/CommonAuth.framework/Versions/A/CommonAuth
0x00007fff495a5000 	/System/Library/PrivateFrameworks/AssertionServices.framework/Versions/A/AssertionServices
0x00007fff4a148000 	/System/Library/PrivateFrameworks/AudioToolboxCore.framework/Versions/A/AudioToolboxCore
0x00007fff691ff000 	/System/Library/PrivateFrameworks/caulk.framework/Versions/A/caulk
0x00007fff4a711000 	/System/Library/PrivateFrameworks/BaseBoard.framework/Versions/A/BaseBoard
0x00007fff61849000 	/System/Library/PrivateFrameworks/RunningBoardServices.framework/Versions/A/RunningBoardServices
0x00007fff5e85a000 	/System/Library/PrivateFrameworks/PersistentConnection.framework/Versions/A/PersistentConnection
0x00007fff61242000 	/System/Library/PrivateFrameworks/ProtocolBuffer.framework/Versions/A/ProtocolBuffer
0x00007fff4c37a000 	/System/Library/PrivateFrameworks/CommonUtilities.framework/Versions/A/CommonUtilities
0x00007fff4a89f000 	/System/Library/PrivateFrameworks/Bom.framework/Versions/A/Bom
0x00007fff6c035000 	/usr/lib/libAudioToolboxUtility.dylib
0x00007fff4a66f000 	/System/Library/PrivateFrameworks/Backup.framework/Versions/A/Backup
0x00007fff4f44c000 	/System/Library/PrivateFrameworks/CrashReporterSupport.framework/Versions/A/CrashReporterSupport
0x00007fff632db000 	/System/Library/PrivateFrameworks/Sharing.framework/Versions/A/Sharing
0x00007fff48bb3000 	/System/Library/PrivateFrameworks/Apple80211.framework/Versions/A/Apple80211
0x00007fff4a38c000 	/System/Library/PrivateFrameworks/AuthKit.framework/Versions/A/AuthKit
0x00007fff4f159000 	/System/Library/PrivateFrameworks/CoreUtils.framework/Versions/A/CoreUtils
0x00007fff3772b000 	/System/Library/Frameworks/CoreWLAN.framework/Versions/A/CoreWLAN
0x00007fff3834f000 	/System/Library/Frameworks/IOBluetooth.framework/Versions/A/IOBluetooth
0x00007fff5c415000 	/System/Library/PrivateFrameworks/MobileKeyBag.framework/Versions/A/MobileKeyBag
0x00007fff4df5e000 	/System/Library/PrivateFrameworks/CorePhoneNumbers.framework/Versions/A/CorePhoneNumbers
0x00007fff48fa3000 	/System/Library/PrivateFrameworks/AppleIDAuthSupport.framework/Versions/A/AppleIDAuthSupport
0x00007fff3c083000 	/System/Library/Frameworks/Network.framework/Versions/A/Network
0x00007fff5aae3000 	/System/Library/PrivateFrameworks/KeychainCircle.framework/Versions/A/KeychainCircle
0x00007fff3517c000 	/System/Library/Frameworks/CoreBluetooth.framework/Versions/A/CoreBluetooth
0x00007fff6535a000 	/System/Library/PrivateFrameworks/SpeechRecognitionCore.framework/Versions/A/SpeechRecognitionCore
0x00000001033a9000 	/Library/Java/JavaVirtualMachines/jdk-15.0.1.jdk/Contents/Home/lib/server/libjvm.dylib
0x00000001007c2000 	/Library/Java/JavaVirtualMachines/jdk-15.0.1.jdk/Contents/Home/lib/libjimage.dylib
0x0000000102840000 	/Library/Java/JavaVirtualMachines/jdk-15.0.1.jdk/Contents/Home/lib/libjava.dylib
0x000000010323d000 	/Library/Java/JavaVirtualMachines/jdk-15.0.1.jdk/Contents/Home/lib/libnio.dylib
0x0000000103251000 	/Library/Java/JavaVirtualMachines/jdk-15.0.1.jdk/Contents/Home/lib/libnet.dylib
0x000000010326a000 	/Library/Java/JavaVirtualMachines/jdk-15.0.1.jdk/Contents/Home/lib/libzip.dylib


VM Arguments:
jvm_args: -Dfile.encoding=UTF-8 -XX:+ShowCodeDetailsInExceptionMessages 
java_command: org.apache.kafka.common.protocol.types.Type$13
java_class_path (initial): /Users/grahamwobig/eclipse-workspace/riskreport/target/classes:/Users/grahamwobig/.m2/repository/org/json/json/20201115/json-20201115.jar:/Users/grahamwobig/.m2/repository/org/knowm/xchart/xchart/3.6.6/xchart-3.6.6.jar:/Users/grahamwobig/.m2/repository/de/erichseifert/vectorgraphics2d/VectorGraphics2D/0.13/VectorGraphics2D-0.13.jar:/Users/grahamwobig/.m2/repository/de/rototor/pdfbox/graphics2d/0.28/graphics2d-0.28.jar:/Users/grahamwobig/.m2/repository/org/apache/pdfbox/pdfbox/2.0.21/pdfbox-2.0.21.jar:/Users/grahamwobig/.m2/repository/org/apache/pdfbox/fontbox/2.0.21/fontbox-2.0.21.jar:/Users/grahamwobig/.m2/repository/commons-logging/commons-logging/1.2/commons-logging-1.2.jar:/Users/grahamwobig/.m2/repository/com/madgag/animated-gif-lib/1.4/animated-gif-lib-1.4.jar:/Users/grahamwobig/.m2/repository/com/itextpdf/itextpdf/5.5.13.2/itextpdf-5.5.13.2.jar:/Users/grahamwobig/.m2/repository/org/apache/kafka/kafka-clients/2.6.0/kafka-clients-2.6.0.jar:/Users/grahamwobig/.m2/repository/com/github/luben/zstd-jni/1.4.4-7/zstd-jni-1.4.4-7.jar:/Users/grahamwobig/.m2/repository/org/lz4/lz4-java/1.7.1/lz4-java-1.7.1.jar:/Users/grahamwobig/.m2/repository/org/xerial/snappy/snappy-java/1.1.7.3/snappy-java-1.1.7.3.jar:/Users/grahamwobig/.m2/repository/com/fasterxml/jackson/core/jackson-databind/2.12.0-rc2/jackson-databind-2.12.0-rc2.jar:/Users/grahamwobig/.m2/repository/com/fasterxml/jackson/core/jackson-core/2.12.0-rc2/jackson-core-2.12.0-rc2.jar:/Users/grahamwobig/.m2/repository/com/fasterxml/jackson/core/jackson-annotations/2.12.0-rc2/jackson-annotations-2.12.0-rc2.jar:/Users/grahamwobig/.m2/repository/org/slf4j/slf4j-api/2.0.0-alpha1/slf4j-api-2.0.0-alpha1.jar:/Users/grahamwobig/.m2/repository/org/slf4j/slf4j-simple/2.0.0-alpha1/slf4j-simple-2.0.0-alpha1.jar
Launcher Type: SUN_STANDARD

[Global flags]
     intx CICompilerCount                          = 12                                        {product} {ergonomic}
     uint ConcGCThreads                            = 3                                         {product} {ergonomic}
     uint G1ConcRefinementThreads                  = 13                                        {product} {ergonomic}
   size_t G1HeapRegionSize                         = 2097152                                   {product} {ergonomic}
    uintx GCDrainStackTargetSize                   = 64                                        {product} {ergonomic}
   size_t InitialHeapSize                          = 268435456                                 {product} {ergonomic}
   size_t MarkStackSize                            = 4194304                                   {product} {ergonomic}
   size_t MaxHeapSize                              = 4294967296                                {product} {ergonomic}
   size_t MaxNewSize                               = 2575302656                                {product} {ergonomic}
   size_t MinHeapDeltaBytes                        = 2097152                                   {product} {ergonomic}
   size_t MinHeapSize                              = 8388608                                   {product} {ergonomic}
    uintx NonNMethodCodeHeapSize                   = 7602480                                {pd product} {ergonomic}
    uintx NonProfiledCodeHeapSize                  = 122027880                              {pd product} {ergonomic}
    uintx ProfiledCodeHeapSize                     = 122027880                              {pd product} {ergonomic}
    uintx ReservedCodeCacheSize                    = 251658240                              {pd product} {ergonomic}
     bool SegmentedCodeCache                       = true                                      {product} {ergonomic}
     bool ShowCodeDetailsInExceptionMessages       = true                                   {manageable} {command line}
   size_t SoftMaxHeapSize                          = 4294967296                             {manageable} {ergonomic}
     bool UseCompressedClassPointers               = true                                 {lp64_product} {ergonomic}
     bool UseCompressedOops                        = true                                 {lp64_product} {ergonomic}
     bool UseG1GC                                  = true                                      {product} {ergonomic}
     bool UseNUMA                                  = false                                     {product} {ergonomic}
     bool UseNUMAInterleaving                      = false                                     {product} {ergonomic}

Logging:
Log output configuration:
 #0: stdout all=warning uptime,level,tags
 #1: stderr all=off uptime,level,tags

Environment Variables:
PATH=/usr/bin:/bin:/usr/sbin:/sbin
SHELL=/bin/zsh

Signal Handlers:
SIGSEGV: [libjvm.dylib+0x9fe2e0], sa_mask[0]=11111111011111110111111111111111, sa_flags=SA_ONSTACK|SA_RESTART|SA_SIGINFO
SIGBUS: [libjvm.dylib+0x9fe2e0], sa_mask[0]=11111111011111110111111111111111, sa_flags=SA_RESTART|SA_SIGINFO
SIGFPE: [libjvm.dylib+0x9fe2e0], sa_mask[0]=11111111011111110111111111111111, sa_flags=SA_RESTART|SA_SIGINFO
SIGPIPE: [libjvm.dylib+0x82a110], sa_mask[0]=11111111011111110111111111111111, sa_flags=SA_RESTART|SA_SIGINFO
SIGXFSZ: [libjvm.dylib+0x82a110], sa_mask[0]=11111111011111110111111111111111, sa_flags=SA_RESTART|SA_SIGINFO
SIGILL: [libjvm.dylib+0x9fe2e0], sa_mask[0]=11111111011111110111111111111111, sa_flags=SA_RESTART|SA_SIGINFO
SIGUSR2: [libjvm.dylib+0x82ac20], sa_mask[0]=00100000000000000000000000000000, sa_flags=SA_RESTART|SA_SIGINFO
SIGHUP: [libjvm.dylib+0x829320], sa_mask[0]=11111111011111110111111111111111, sa_flags=SA_RESTART|SA_SIGINFO
SIGINT: [libjvm.dylib+0x829320], sa_mask[0]=11111111011111110111111111111111, sa_flags=SA_RESTART|SA_SIGINFO
SIGTERM: [libjvm.dylib+0x829320], sa_mask[0]=11111111011111110111111111111111, sa_flags=SA_RESTART|SA_SIGINFO
SIGQUIT: [libjvm.dylib+0x829320], sa_mask[0]=11111111011111110111111111111111, sa_flags=SA_RESTART|SA_SIGINFO


---------------  S Y S T E M  ---------------

OS:uname: Darwin 19.6.0 Darwin Kernel Version 19.6.0: Mon Aug 31 22:12:52 PDT 2020; root:xnu-6153.141.2~1/RELEASE_X86_64 x86_64
OS uptime: 38 days 21:12 hours
rlimit (soft/hard): STACK 8192k/65532k , CORE 0k/infinity , NPROC 2784/4176 , NOFILE 10240/infinity , AS infinity/infinity , CPU infinity/infinity , DATA infinity/infinity , FSIZE infinity/infinity , MEMLOCK infinity/infinity , RSS infinity/infinity
load average: 1.54 1.67 1.54

CPU: total 16 (initial active 16) (8 cores per cpu, 2 threads per core) family 6 model 158 stepping 13 microcode 0xd6, cmov, cx8, fxsr, mmx, sse, sse2, sse3, ssse3, sse4.1, sse4.2, popcnt, vzeroupper, avx, avx2, aes, clmul, erms, 3dnowpref, lzcnt, ht, tsc, tscinvbit, bmi1, bmi2, adx, fma, clflush, clflushopt

Memory: 4k page, physical 16777216k(718352k free), swap 3145728k(841472k free)

vm_info: Java HotSpot(TM) 64-Bit Server VM (15.0.1+9-18) for bsd-amd64 JRE (15.0.1+9-18), built on Sep 15 2020 13:50:45 by "mach5one" with clang 4.2.1 Compatible Apple LLVM 10.0.0 (clang-1000.11.45.5)

END.
